proc 0 contains (32) rows 0 to 31
L2 = 566.927002
L2 = 70.865875
L2 = 36.285694
L2 = 24.599152
L2 = 18.640284
L2 = 15.014544
L2 = 12.572909
L2 = 10.815731
L2 = 9.490176
L2 = 8.454433
L2 = 7.622731
L2 = 6.940138
L2 = 6.369830
L2 = 5.886180
L2 = 5.470840
L2 = 5.110268
L2 = 4.794308
L2 = 4.515153
L2 = 4.266726
L2 = 4.044219
L2 = 3.843760
L2 = 3.662239
L2 = 3.497077
L2 = 3.346158
L2 = 3.207704
L2 = 3.080228
L2 = 2.962475
L2 = 2.853352
L2 = 2.751940
L2 = 2.657443
L2 = 2.569165
L2 = 2.486505
L2 = 2.408926
L2 = 2.335977
L2 = 2.267233
L2 = 2.202339
L2 = 2.140966
L2 = 2.082831
L2 = 2.027674
L2 = 1.975263
L2 = 1.925388
L2 = 1.877864
L2 = 1.832520
L2 = 1.789202
L2 = 1.747776
L2 = 1.708109
L2 = 1.670086
L2 = 1.633604
L2 = 1.598565
L2 = 1.564878
L2 = 1.532465
L2 = 1.501249
L2 = 1.471162
L2 = 1.442142
L2 = 1.414125
L2 = 1.387062
L2 = 1.360899
L2 = 1.335592
L2 = 1.311096
L2 = 1.287371
L2 = 1.264376
L2 = 1.242080
L2 = 1.220449
L2 = 1.199449
L2 = 1.179056
L2 = 1.159238
L2 = 1.139973
L2 = 1.121237
L2 = 1.103006
L2 = 1.085260
L2 = 1.067977
L2 = 1.051142
L2 = 1.034732
L2 = 1.018737
L2 = 1.003133
L2 = 0.987911
L2 = 0.973055
L2 = 0.958550
L2 = 0.944385
L2 = 0.930548
L2 = 0.917025
L2 = 0.903810
L2 = 0.890886
L2 = 0.878245
L2 = 0.865878
L2 = 0.853778
L2 = 0.841933
L2 = 0.830336
L2 = 0.818979
L2 = 0.807855
L2 = 0.796956
L2 = 0.786274
L2 = 0.775803
L2 = 0.765538
L2 = 0.755470
L2 = 0.745597
L2 = 0.735911
L2 = 0.726404
L2 = 0.717076
L2 = 0.707917
L2 = 0.698925
L2 = 0.690096
L2 = 0.681423
L2 = 0.672904
L2 = 0.664534
L2 = 0.656308
L2 = 0.648222
L2 = 0.640273
L2 = 0.632460
L2 = 0.624776
L2 = 0.617219
L2 = 0.609786
L2 = 0.602473
L2 = 0.595276
L2 = 0.588196
L2 = 0.581225
L2 = 0.574366
L2 = 0.567613
L2 = 0.560963
L2 = 0.554414
L2 = 0.547965
L2 = 0.541612
L2 = 0.535355
L2 = 0.529188
L2 = 0.523112
L2 = 0.517126
L2 = 0.511226
L2 = 0.505411
L2 = 0.499678
L2 = 0.494025
L2 = 0.488452
L2 = 0.482956
L2 = 0.477536
L2 = 0.472193
L2 = 0.466922
L2 = 0.461720
L2 = 0.456589
L2 = 0.451527
L2 = 0.446533
L2 = 0.441604
L2 = 0.436740
L2 = 0.431942
L2 = 0.427203
L2 = 0.422527
L2 = 0.417909
L2 = 0.413352
L2 = 0.408852
L2 = 0.404409
L2 = 0.400022
L2 = 0.395689
L2 = 0.391410
L2 = 0.387185
L2 = 0.383011
L2 = 0.378887
L2 = 0.374816
L2 = 0.370793
L2 = 0.366820
L2 = 0.362893
L2 = 0.359014
L2 = 0.355180
L2 = 0.351394
L2 = 0.347652
L2 = 0.343953
L2 = 0.340299
L2 = 0.336686
L2 = 0.333116
L2 = 0.329588
L2 = 0.326102
L2 = 0.322653
L2 = 0.319245
L2 = 0.315878
L2 = 0.312547
L2 = 0.309256
L2 = 0.306000
L2 = 0.302783
L2 = 0.299603
L2 = 0.296456
L2 = 0.293347
L2 = 0.290272
L2 = 0.287231
L2 = 0.284224
L2 = 0.281251
L2 = 0.278310
L2 = 0.275403
L2 = 0.272526
L2 = 0.269682
L2 = 0.266871
L2 = 0.264089
L2 = 0.261337
L2 = 0.258618
L2 = 0.255926
L2 = 0.253262
L2 = 0.250630
L2 = 0.248026
L2 = 0.245449
L2 = 0.242902
L2 = 0.240380
L2 = 0.237887
L2 = 0.235421
L2 = 0.232980
L2 = 0.230565
L2 = 0.228178
L2 = 0.225816
L2 = 0.223478
L2 = 0.221166
L2 = 0.218877
L2 = 0.216614
L2 = 0.214375
L2 = 0.212160
L2 = 0.209968
L2 = 0.207799
L2 = 0.205654
L2 = 0.203531
L2 = 0.201430
L2 = 0.199353
L2 = 0.197296
L2 = 0.195262
L2 = 0.193249
L2 = 0.191258
L2 = 0.189286
L2 = 0.187336
L2 = 0.185406
L2 = 0.183497
L2 = 0.181607
L2 = 0.179736
L2 = 0.177886
L2 = 0.176056
L2 = 0.174245
L2 = 0.172452
L2 = 0.170678
L2 = 0.168922
L2 = 0.167185
L2 = 0.165466
L2 = 0.163766
L2 = 0.162081
L2 = 0.160416
L2 = 0.158767
L2 = 0.157136
L2 = 0.155521
L2 = 0.153923
L2 = 0.152343
L2 = 0.150778
L2 = 0.149229
L2 = 0.147697
L2 = 0.146181
L2 = 0.144680
L2 = 0.143194
L2 = 0.141725
L2 = 0.140270
L2 = 0.138831
L2 = 0.137407
L2 = 0.135996
L2 = 0.134600
L2 = 0.133221
L2 = 0.131854
L2 = 0.130500
L2 = 0.129162
L2 = 0.127837
L2 = 0.126526
L2 = 0.125228
L2 = 0.123943
L2 = 0.122672
L2 = 0.121415
L2 = 0.120171
L2 = 0.118939
L2 = 0.117719
L2 = 0.116513
L2 = 0.115317
L2 = 0.114135
L2 = 0.112965
L2 = 0.111808
L2 = 0.110661
L2 = 0.109527
L2 = 0.108404
L2 = 0.107294
L2 = 0.106194
L2 = 0.105107
L2 = 0.104031
L2 = 0.102965
L2 = 0.101908
L2 = 0.100865
L2 = 0.099831
L2 = 0.098807
L2 = 0.097796
L2 = 0.096795
L2 = 0.095803
L2 = 0.094823
L2 = 0.093851
L2 = 0.092890
L2 = 0.091938
L2 = 0.090996
L2 = 0.090064
L2 = 0.089141
L2 = 0.088229
L2 = 0.087324
L2 = 0.086430
L2 = 0.085545
L2 = 0.084669
L2 = 0.083801
L2 = 0.082944
L2 = 0.082095
L2 = 0.081253
L2 = 0.080422
L2 = 0.079598
L2 = 0.078783
L2 = 0.077976
L2 = 0.077178
L2 = 0.076388
L2 = 0.075605
L2 = 0.074831
L2 = 0.074064
L2 = 0.073306
L2 = 0.072556
L2 = 0.071813
L2 = 0.071079
L2 = 0.070350
L2 = 0.069630
L2 = 0.068916
L2 = 0.068212
L2 = 0.067513
L2 = 0.066821
L2 = 0.066137
L2 = 0.065461
L2 = 0.064790
L2 = 0.064128
L2 = 0.063470
L2 = 0.062820
L2 = 0.062177
L2 = 0.061541
L2 = 0.060910
L2 = 0.060287
L2 = 0.059670
L2 = 0.059059
L2 = 0.058454
L2 = 0.057858
L2 = 0.057264
L2 = 0.056678
L2 = 0.056098
L2 = 0.055524
L2 = 0.054956
L2 = 0.054392
L2 = 0.053835
L2 = 0.053283
L2 = 0.052738
L2 = 0.052200
L2 = 0.051666
L2 = 0.051137
L2 = 0.050613
L2 = 0.050094
L2 = 0.049581
L2 = 0.049074
L2 = 0.048572
L2 = 0.048075
L2 = 0.047581
L2 = 0.047096
L2 = 0.046613
L2 = 0.046137
L2 = 0.045664
L2 = 0.045197
L2 = 0.044734
L2 = 0.044277
L2 = 0.043823
L2 = 0.043374
L2 = 0.042931
L2 = 0.042491
L2 = 0.042057
L2 = 0.041626
L2 = 0.041199
L2 = 0.040777
L2 = 0.040360
L2 = 0.039947
L2 = 0.039539
L2 = 0.039134
L2 = 0.038733
L2 = 0.038337
L2 = 0.037944
L2 = 0.037556
L2 = 0.037172
L2 = 0.036792
L2 = 0.036414
L2 = 0.036043
L2 = 0.035673
L2 = 0.035307
L2 = 0.034945
L2 = 0.034588
L2 = 0.034235
L2 = 0.033884
L2 = 0.033535
L2 = 0.033194
L2 = 0.032854
L2 = 0.032519
L2 = 0.032186
L2 = 0.031855
L2 = 0.031529
L2 = 0.031207
L2 = 0.030887
L2 = 0.030572
L2 = 0.030258
L2 = 0.029948
L2 = 0.029642
L2 = 0.029339
L2 = 0.029038
L2 = 0.028742
L2 = 0.028447
L2 = 0.028155
L2 = 0.027867
L2 = 0.027582
L2 = 0.027300
L2 = 0.027021
L2 = 0.026745
L2 = 0.026470
L2 = 0.026200
L2 = 0.025931
L2 = 0.025666
L2 = 0.025403
L2 = 0.025143
L2 = 0.024885
L2 = 0.024632
L2 = 0.024379
L2 = 0.024130
L2 = 0.023883
L2 = 0.023639
L2 = 0.023398
L2 = 0.023157
L2 = 0.022919
L2 = 0.022684
L2 = 0.022453
L2 = 0.022223
L2 = 0.021996
L2 = 0.021771
L2 = 0.021547
L2 = 0.021328
L2 = 0.021109
L2 = 0.020893
L2 = 0.020679
L2 = 0.020467
L2 = 0.020260
L2 = 0.020052
L2 = 0.019846
L2 = 0.019642
L2 = 0.019442
L2 = 0.019242
L2 = 0.019045
L2 = 0.018851
L2 = 0.018658
L2 = 0.018467
L2 = 0.018278
L2 = 0.018091
L2 = 0.017906
L2 = 0.017722
L2 = 0.017541
L2 = 0.017361
L2 = 0.017184
L2 = 0.017007
L2 = 0.016833
L2 = 0.016660
L2 = 0.016490
L2 = 0.016323
L2 = 0.016156
L2 = 0.015989
L2 = 0.015827
L2 = 0.015663
L2 = 0.015504
L2 = 0.015345
L2 = 0.015187
L2 = 0.015032
L2 = 0.014879
L2 = 0.014726
L2 = 0.014575
L2 = 0.014427
L2 = 0.014278
L2 = 0.014132
L2 = 0.013988
L2 = 0.013845
L2 = 0.013703
L2 = 0.013562
L2 = 0.013424
L2 = 0.013287
L2 = 0.013151
L2 = 0.013017
L2 = 0.012882
L2 = 0.012751
L2 = 0.012620
L2 = 0.012490
L2 = 0.012364
L2 = 0.012237
L2 = 0.012112
L2 = 0.011988
L2 = 0.011865
L2 = 0.011743
L2 = 0.011623
L2 = 0.011504
L2 = 0.011385
L2 = 0.011269
L2 = 0.011155
L2 = 0.011041
L2 = 0.010928
L2 = 0.010815
L2 = 0.010705
L2 = 0.010594
L2 = 0.010486
L2 = 0.010380
L2 = 0.010274
L2 = 0.010168
L2 = 0.010064
L2 = 0.009962
L2 = 0.009860
L2 = 0.009759
L2 = 0.009659
L2 = 0.009560
L2 = 0.009461
L2 = 0.009366
L2 = 0.009269
L2 = 0.009174
L2 = 0.009081
L2 = 0.008987
L2 = 0.008895
L2 = 0.008805
L2 = 0.008715
L2 = 0.008625
L2 = 0.008537
L2 = 0.008450
L2 = 0.008362
L2 = 0.008277
L2 = 0.008192
L2 = 0.008110
L2 = 0.008026
L2 = 0.007943
L2 = 0.007862
L2 = 0.007780
L2 = 0.007701
L2 = 0.007623
L2 = 0.007545
L2 = 0.007468
L2 = 0.007391
L2 = 0.007315
L2 = 0.007240
L2 = 0.007167
L2 = 0.007094
L2 = 0.007021
L2 = 0.006949
L2 = 0.006878
L2 = 0.006808
L2 = 0.006739
L2 = 0.006669
L2 = 0.006601
L2 = 0.006533
L2 = 0.006466
L2 = 0.006401
L2 = 0.006335
L2 = 0.006269
L2 = 0.006205
L2 = 0.006143
L2 = 0.006080
L2 = 0.006017
L2 = 0.005955
L2 = 0.005894
L2 = 0.005834
L2 = 0.005774
L2 = 0.005716
L2 = 0.005657
L2 = 0.005600
L2 = 0.005543
L2 = 0.005484
L2 = 0.005429
L2 = 0.005374
L2 = 0.005318
L2 = 0.005264
L2 = 0.005210
L2 = 0.005156
L2 = 0.005103
L2 = 0.005052
L2 = 0.004999
L2 = 0.004950
L2 = 0.004899
L2 = 0.004849
L2 = 0.004799
L2 = 0.004750
L2 = 0.004701
L2 = 0.004653
L2 = 0.004605
L2 = 0.004557
L2 = 0.004512
L2 = 0.004465
L2 = 0.004420
L2 = 0.004374
L2 = 0.004328
L2 = 0.004285
L2 = 0.004242
L2 = 0.004198
L2 = 0.004156
L2 = 0.004113
L2 = 0.004069
L2 = 0.004027
L2 = 0.003988
L2 = 0.003946
L2 = 0.003906
L2 = 0.003866
L2 = 0.003827
L2 = 0.003787
L2 = 0.003748
L2 = 0.003710
L2 = 0.003672
L2 = 0.003634
L2 = 0.003598
L2 = 0.003561
L2 = 0.003523
L2 = 0.003488
L2 = 0.003454
L2 = 0.003416
L2 = 0.003383
L2 = 0.003347
L2 = 0.003314
L2 = 0.003280
L2 = 0.003246
L2 = 0.003213
L2 = 0.003180
L2 = 0.003147
L2 = 0.003114
L2 = 0.003082
L2 = 0.003052
L2 = 0.003021
L2 = 0.002989
L2 = 0.002958
L2 = 0.002929
L2 = 0.002900
L2 = 0.002869
L2 = 0.002839
L2 = 0.002810
L2 = 0.002782
L2 = 0.002753
L2 = 0.002726
L2 = 0.002697
L2 = 0.002670
L2 = 0.002642
L2 = 0.002616
L2 = 0.002589
L2 = 0.002563
L2 = 0.002536
L2 = 0.002510
L2 = 0.002483
L2 = 0.002459
L2 = 0.002433
L2 = 0.002409
L2 = 0.002385
L2 = 0.002359
L2 = 0.002335
L2 = 0.002312
L2 = 0.002287
L2 = 0.002264
L2 = 0.002241
L2 = 0.002218
L2 = 0.002195
L2 = 0.002173
L2 = 0.002151
L2 = 0.002129
L2 = 0.002107
L2 = 0.002085
L2 = 0.002064
L2 = 0.002044
L2 = 0.002022
L2 = 0.002001
L2 = 0.001980
L2 = 0.001961
L2 = 0.001941
L2 = 0.001920
L2 = 0.001901
L2 = 0.001882
L2 = 0.001861
L2 = 0.001843
L2 = 0.001824
L2 = 0.001807
L2 = 0.001787
L2 = 0.001770
L2 = 0.001750
L2 = 0.001733
L2 = 0.001716
L2 = 0.001699
L2 = 0.001681
L2 = 0.001664
L2 = 0.001647
L2 = 0.001630
L2 = 0.001612
L2 = 0.001595
L2 = 0.001580
L2 = 0.001563
L2 = 0.001548
L2 = 0.001532
L2 = 0.001516
L2 = 0.001500
L2 = 0.001486
L2 = 0.001470
L2 = 0.001455
L2 = 0.001440
L2 = 0.001426
L2 = 0.001411
L2 = 0.001396
L2 = 0.001382
L2 = 0.001369
L2 = 0.001354
L2 = 0.001339
L2 = 0.001326
L2 = 0.001313
L2 = 0.001301
L2 = 0.001285
L2 = 0.001273
L2 = 0.001259
L2 = 0.001246
L2 = 0.001233
L2 = 0.001221
L2 = 0.001210
L2 = 0.001196
L2 = 0.001184
L2 = 0.001171
L2 = 0.001160
L2 = 0.001148
L2 = 0.001137
L2 = 0.001126
L2 = 0.001112
L2 = 0.001103
L2 = 0.001090
L2 = 0.001080
L2 = 0.001068
L2 = 0.001057
L2 = 0.001047
L2 = 0.001036
L2 = 0.001024
L2 = 0.001015
L2 = 0.001005
L2 = 0.000994
Estimated time to convergence in 730 iterations using 1 processors on a 32x32 grid is 474603 microseconds
T(0,0)= 0.000000
T(0,1)= 0.000000
T(0,2)= 0.000000
T(0,3)= 0.000000
T(0,4)= 0.000000
T(0,5)= 0.000000
T(0,6)= 0.000000
T(0,7)= 0.000000
T(0,8)= 0.000000
T(0,9)= 0.000000
T(0,10)= 0.000000
T(0,11)= 0.000000
T(0,12)= 0.000000
T(0,13)= 0.000000
T(0,14)= 0.000000
T(0,15)= 550.000000
T(0,16)= 0.000000
T(0,17)= 0.000000
T(0,18)= 0.000000
T(0,19)= 0.000000
T(0,20)= 0.000000
T(0,21)= 0.000000
T(0,22)= 0.000000
T(0,23)= 0.000000
T(0,24)= 0.000000
T(0,25)= 0.000000
T(0,26)= 0.000000
T(0,27)= 0.000000
T(0,28)= 0.000000
T(0,29)= 0.000000
T(0,30)= 0.000000
T(0,31)= 0.000000
T(1,0)= 0.000000
T(1,1)= 0.201355
T(1,2)= 0.413994
T(1,3)= 0.650767
T(1,4)= 0.928069
T(1,5)= 1.268848
T(1,6)= 1.707707
T(1,7)= 2.300435
T(1,8)= 3.143028
T(1,9)= 4.413003
T(1,10)= 6.466722
T(1,11)= 10.091681
T(1,12)= 17.227852
T(1,13)= 33.244713
T(1,14)= 74.822830
T(1,15)= 199.544342
T(1,16)= 74.827332
T(1,17)= 33.253803
T(1,18)= 17.241737
T(1,19)= 10.110671
T(1,20)= 6.491251
T(1,21)= 4.443653
T(1,22)= 3.180553
T(1,23)= 2.345802
T(1,24)= 1.762152
T(1,25)= 1.333949
T(1,26)= 1.005847
T(1,27)= 0.743831
T(1,28)= 0.525740
T(1,29)= 0.336264
T(1,30)= 0.164061
T(1,31)= 0.000000
T(2,0)= 0.000000
T(2,1)= 0.391427
T(2,2)= 0.803858
T(2,3)= 1.261006
T(2,4)= 1.792671
T(2,5)= 2.439616
T(2,6)= 3.261561
T(2,7)= 4.351003
T(2,8)= 5.858696
T(2,9)= 8.042262
T(2,10)= 11.362225
T(2,11)= 16.672150
T(2,12)= 25.575043
T(2,13)= 40.928162
T(2,14)= 66.502289
T(2,15)= 98.527237
T(2,16)= 66.511185
T(2,17)= 40.946148
T(2,18)= 25.602507
T(2,19)= 16.709696
T(2,20)= 11.410706
T(2,21)= 8.102808
T(2,22)= 5.932777
T(2,23)= 4.440502
T(2,24)= 3.368876
T(2,25)= 2.567797
T(2,26)= 1.945620
T(2,27)= 1.443736
T(2,28)= 1.022873
T(2,29)= 0.655257
T(2,30)= 0.319981
T(2,31)= 0.000000
T(3,0)= 0.000000
T(3,1)= 0.560499
T(3,2)= 1.149004
T(3,3)= 1.796745
T(3,4)= 2.541994
T(3,5)= 3.435407
T(3,6)= 4.547920
T(3,7)= 5.983355
T(3,8)= 7.898489
T(3,9)= 10.535164
T(3,10)= 14.267765
T(3,11)= 19.659697
T(3,12)= 27.472012
T(3,13)= 38.390659
T(3,14)= 51.730911
T(3,15)= 61.551186
T(3,16)= 51.744015
T(3,17)= 38.417145
T(3,18)= 27.512444
T(3,19)= 19.714951
T(3,20)= 14.339066
T(3,21)= 10.624140
T(3,22)= 8.007247
T(3,23)= 6.114591
T(3,24)= 4.705051
T(3,25)= 3.622771
T(3,26)= 2.765101
T(3,27)= 2.062640
T(3,28)= 1.466760
T(3,29)= 0.941918
T(3,30)= 0.460608
T(3,31)= 0.000000
T(4,0)= 0.000000
T(4,1)= 0.701564
T(4,2)= 1.434932
T(4,3)= 2.234975
T(4,4)= 3.143184
T(4,5)= 4.212098
T(4,6)= 5.511399
T(4,7)= 7.136006
T(4,8)= 9.216797
T(4,9)= 11.932141
T(4,10)= 15.514042
T(4,11)= 20.226860
T(4,12)= 26.262722
T(4,13)= 33.431545
T(4,14)= 40.479588
T(4,15)= 44.202572
T(4,16)= 40.496628
T(4,17)= 33.465969
T(4,18)= 26.315248
T(4,19)= 20.298599
T(4,20)= 15.606536
T(4,21)= 12.047437
T(4,22)= 9.357540
T(4,23)= 7.305562
T(4,24)= 5.714019
T(4,25)= 4.453137
T(4,26)= 3.429410
T(4,27)= 2.574964
T(4,28)= 1.839631
T(4,29)= 1.185047
T(4,30)= 0.580541
T(4,31)= 0.000000
T(5,0)= 0.000000
T(5,1)= 0.810835
T(5,2)= 1.654185
T(5,3)= 2.565068
T(5,4)= 3.583667
T(5,5)= 4.758452
T(5,6)= 6.149573
T(5,7)= 7.832542
T(5,8)= 9.900550
T(5,9)= 12.462640
T(5,10)= 15.629404
T(5,11)= 19.471071
T(5,12)= 23.920467
T(5,13)= 28.593311
T(5,14)= 32.553329
T(5,15)= 34.282990
T(5,16)= 32.573952
T(5,17)= 28.634964
T(5,18)= 23.983988
T(5,19)= 19.557751
T(5,20)= 15.741043
T(5,21)= 12.601615
T(5,22)= 10.069916
T(5,23)= 8.036171
T(5,24)= 6.392323
T(5,25)= 5.046407
T(5,26)= 3.924437
T(5,27)= 2.968214
T(5,28)= 2.131755
T(5,29)= 1.378118
T(5,30)= 0.676508
T(5,31)= 0.000000
T(6,0)= 0.000000
T(6,1)= 0.887591
T(6,2)= 1.805928
T(6,3)= 2.787447
T(6,4)= 3.868014
T(6,5)= 5.088470
T(6,6)= 6.495971
T(6,7)= 8.144038
T(6,8)= 10.090311
T(6,9)= 12.388467
T(6,10)= 15.069969
T(6,11)= 18.107552
T(6,12)= 21.354881
T(6,13)= 24.467899
T(6,14)= 26.857553
T(6,15)= 27.802114
T(6,16)= 26.881351
T(6,17)= 24.515947
T(6,18)= 21.428106
T(6,19)= 18.207378
T(6,20)= 15.198379
T(6,21)= 12.548065
T(6,22)= 10.284435
T(6,23)= 8.376886
T(6,24)= 6.772779
T(6,25)= 5.415729
T(6,26)= 4.253778
T(6,27)= 3.241699
T(6,28)= 2.341093
T(6,29)= 1.519162
T(6,30)= 0.747387
T(6,31)= 0.000000
T(7,0)= 0.000000
T(7,1)= 0.933616
T(7,2)= 1.894491
T(7,3)= 2.910821
T(7,4)= 4.012474
T(7,5)= 5.231514
T(7,6)= 6.601802
T(7,7)= 8.157425
T(7,8)= 9.928187
T(7,9)= 11.931062
T(7,10)= 14.154455
T(7,11)= 16.534420
T(7,12)= 18.923607
T(7,13)= 21.065990
T(7,14)= 22.606871
T(7,15)= 23.186712
T(7,16)= 22.633390
T(7,17)= 21.119511
T(7,18)= 19.005112
T(7,19)= 16.645416
T(7,20)= 14.297028
T(7,21)= 12.107952
T(7,22)= 10.142876
T(7,23)= 8.414267
T(7,24)= 6.906176
T(7,25)= 5.590037
T(7,26)= 4.433248
T(7,27)= 3.403770
T(7,28)= 2.471757
T(7,29)= 1.610078
T(7,30)= 0.793879
T(7,31)= 0.000000
T(8,0)= 0.000000
T(8,1)= 0.952381
T(8,2)= 1.927632
T(8,3)= 2.948872
T(8,4)= 4.039611
T(8,5)= 5.223310
T(8,6)= 6.522395
T(8,7)= 7.955671
T(8,8)= 9.534074
T(8,9)= 11.253139
T(8,10)= 13.082512
T(8,11)= 14.952065
T(8,12)= 16.739294
T(8,13)= 18.265581
T(8,14)= 19.317392
T(8,15)= 19.704473
T(8,16)= 19.346153
T(8,17)= 18.323597
T(8,18)= 16.827572
T(8,19)= 15.072144
T(8,20)= 13.236516
T(8,21)= 11.443841
T(8,22)= 9.764981
T(8,23)= 8.231127
T(8,24)= 6.847730
T(8,25)= 5.604996
T(8,26)= 4.485485
T(8,27)= 3.468378
T(8,28)= 2.532137
T(8,29)= 1.655515
T(8,30)= 0.818067
T(8,31)= 0.000000
T(9,0)= 0.000000
T(9,1)= 0.948294
T(9,2)= 1.914783
T(9,3)= 2.917482
T(9,4)= 3.973788
T(9,5)= 5.099810
T(9,6)= 6.308796
T(9,7)= 7.608912
T(9,8)= 8.999297
T(9,9)= 10.465055
T(9,10)= 11.970388
T(9,11)= 13.452206
T(9,12)= 14.815922
T(9,13)= 15.939829
T(9,14)= 16.692640
T(9,15)= 16.967827
T(9,16)= 16.723148
T(9,17)= 16.001341
T(9,18)= 14.909434
T(9,19)= 13.579247
T(9,20)= 12.133053
T(9,21)= 10.666071
T(9,22)= 9.242080
T(9,23)= 7.897668
T(9,24)= 6.648622
T(9,25)= 5.496836
T(9,26)= 4.435319
T(9,27)= 3.452193
T(9,28)= 2.532899
T(9,29)= 1.661814
T(9,30)= 0.822874
T(9,31)= 0.000000
T(10,0)= 0.000000
T(10,1)= 0.926014
T(10,2)= 1.865765
T(10,3)= 2.832484
T(10,4)= 3.838331
T(10,5)= 4.893345
T(10,6)= 6.004185
T(10,7)= 7.171883
T(10,8)= 8.389296
T(10,9)= 9.637397
T(10,10)= 10.881950
T(10,11)= 12.070448
T(10,12)= 13.132551
T(10,13)= 13.985172
T(10,14)= 14.545714
T(10,15)= 14.751042
T(10,16)= 14.577480
T(10,17)= 14.049183
T(10,18)= 13.229774
T(10,19)= 12.202353
T(10,20)= 11.050562
T(10,21)= 9.845311
T(10,22)= 8.639758
T(10,23)= 7.468843
T(10,24)= 6.352386
T(10,25)= 5.298406
T(10,26)= 4.306862
T(10,27)= 3.372177
T(10,28)= 2.485512
T(10,29)= 1.635970
T(10,30)= 0.811634
T(10,31)= 0.000000
T(11,0)= 0.000000
T(11,1)= 0.890018
T(11,2)= 1.789778
T(11,3)= 2.708423
T(11,4)= 3.653706
T(11,5)= 4.631162
T(11,6)= 5.642715
T(11,7)= 6.685282
T(11,8)= 7.748604
T(11,9)= 8.813459
T(11,10)= 9.849571
T(11,11)= 10.815277
T(11,12)= 11.658663
T(11,13)= 12.322806
T(11,14)= 12.754001
T(11,15)= 12.913369
T(11,16)= 12.786547
T(11,17)= 12.388352
T(11,18)= 11.758121
T(11,19)= 10.950040
T(11,20)= 10.021528
T(11,21)= 9.025039
T(11,22)= 8.002801
T(11,23)= 6.985716
T(11,24)= 5.993673
T(11,25)= 5.037665
T(11,26)= 4.121546
T(11,27)= 3.244225
T(11,28)= 2.401002
T(11,29)= 1.584963
T(11,30)= 0.787692
T(11,31)= 0.000000
T(12,0)= 0.000000
T(12,1)= 0.844282
T(12,2)= 1.694952
T(12,3)= 2.557726
T(12,4)= 3.436998
T(12,5)= 4.334881
T(12,6)= 5.250362
T(12,7)= 6.177925
T(12,8)= 7.106548
T(12,9)= 8.018265
T(12,10)= 8.887793
T(12,11)= 9.682427
T(12,12)= 10.364232
T(12,13)= 10.893391
T(12,14)= 11.234339
T(12,15)= 11.361888
T(12,16)= 11.267214
T(12,17)= 10.959559
T(12,18)= 10.464541
T(12,19)= 9.818157
T(12,20)= 9.060679
T(12,21)= 8.230515
T(12,22)= 7.360872
T(12,23)= 6.477549
T(12,24)= 5.599075
T(12,25)= 4.737036
T(12,26)= 3.897543
T(12,27)= 3.082177
T(12,28)= 2.289377
T(12,29)= 1.515188
T(12,30)= 0.754193
T(12,31)= 0.000000
T(13,0)= 0.000000
T(13,1)= 0.792180
T(13,2)= 1.588023
T(13,3)= 2.390603
T(13,4)= 3.201680
T(13,5)= 4.021118
T(13,6)= 4.845927
T(13,7)= 5.669664
T(13,8)= 6.481400
T(13,9)= 7.265450
T(13,10)= 8.000907
T(13,11)= 8.662625
T(13,12)= 9.222446
T(13,13)= 9.652420
T(13,14)= 9.928076
T(13,15)= 10.032873
T(13,16)= 9.960859
T(13,17)= 9.718370
T(13,18)= 9.322326
T(13,19)= 8.797594
T(13,20)= 8.172519
T(13,21)= 7.475675
T(13,22)= 6.732622
T(13,23)= 5.964708
T(13,24)= 5.188043
T(13,25)= 4.413997
T(13,26)= 3.649413
T(13,27)= 2.897658
T(13,28)= 2.159142
T(13,29)= 1.432268
T(13,30)= 0.713893
T(13,31)= 0.000000
T(14,0)= 0.000000
T(14,1)= 0.736417
T(14,2)= 1.474408
T(14,3)= 2.214981
T(14,4)= 2.958100
T(14,5)= 3.701985
T(14,6)= 4.442706
T(14,7)= 5.173406
T(14,8)= 5.884118
T(14,9)= 6.561229
T(14,10)= 7.187972
T(14,11)= 7.744719
T(14,12)= 8.210741
T(14,13)= 8.565769
T(14,14)= 8.792917
T(14,15)= 8.880669
T(14,16)= 8.825232
T(14,17)= 8.630735
T(14,18)= 8.309040
T(14,19)= 7.877373
T(14,20)= 7.356350
T(14,21)= 6.767043
T(14,22)= 6.129431
T(14,23)= 5.460618
T(14,24)= 4.774553
T(14,25)= 4.081497
T(14,26)= 3.388576
T(14,27)= 2.699899
T(14,28)= 2.017341
T(14,29)= 1.340850
T(14,30)= 0.669134
T(14,31)= 0.000000
T(15,0)= 0.000000
T(15,1)= 0.679105
T(15,2)= 1.358211
T(15,3)= 2.036889
T(15,4)= 2.713753
T(15,5)= 3.386139
T(15,6)= 4.049507
T(15,7)= 4.697300
T(15,8)= 5.320436
T(15,9)= 5.907578
T(15,10)= 6.445033
T(15,11)= 6.917765
T(15,12)= 7.310030
T(15,13)= 7.607243
T(15,14)= 7.797155
T(15,15)= 7.871905
T(15,16)= 7.828661
T(15,17)= 7.670550
T(15,18)= 7.405729
T(15,19)= 7.046744
T(15,20)= 6.608466
T(15,21)= 6.106931
T(15,22)= 5.557442
T(15,23)= 4.973964
T(15,24)= 4.368056
T(15,25)= 3.749006
T(15,26)= 3.123494
T(15,27)= 2.496121
T(15,28)= 1.869471
T(15,29)= 1.244708
T(15,30)= 0.621794
T(15,31)= 0.000000
T(16,0)= 0.000000
T(16,1)= 0.621794
T(16,2)= 1.242493
T(16,3)= 1.860610
T(16,4)= 2.473984
T(16,5)= 3.079313
T(16,6)= 3.672030
T(16,7)= 4.245852
T(16,8)= 4.792935
T(16,9)= 5.303617
T(16,10)= 5.767035
T(16,11)= 6.171279
T(16,12)= 6.504609
T(16,13)= 6.756017
T(16,14)= 6.916810
T(16,15)= 6.981137
T(16,16)= 6.947214
T(16,17)= 6.817077
T(16,18)= 6.596829
T(16,19)= 6.295410
T(16,20)= 5.924068
T(16,21)= 5.494771
T(16,22)= 5.019648
T(16,23)= 4.509738
T(16,24)= 3.974869
T(16,25)= 3.422978
T(16,26)= 2.860396
T(16,27)= 2.291622
T(16,28)= 1.719792
T(16,29)= 1.146718
T(16,30)= 0.573359
T(16,31)= 0.000000
T(17,0)= 0.000000
T(17,1)= 0.565603
T(17,2)= 1.129357
T(17,3)= 1.689152
T(17,4)= 2.242262
T(17,5)= 2.785223
T(17,6)= 3.313447
T(17,7)= 3.821308
T(17,8)= 4.301837
T(17,9)= 4.747120
T(17,10)= 5.148210
T(17,11)= 5.495939
T(17,12)= 5.781111
T(17,13)= 5.995656
T(17,14)= 6.132932
T(17,15)= 6.188876
T(17,16)= 6.161981
T(17,17)= 6.053967
T(17,18)= 5.869102
T(17,19)= 5.614237
T(17,20)= 5.297627
T(17,21)= 4.928657
T(17,22)= 4.516639
T(17,23)= 4.070658
T(17,24)= 3.598703
T(17,25)= 3.107789
T(17,26)= 2.603491
T(17,27)= 2.090279
T(17,28)= 1.571356
T(17,29)= 1.049064
T(17,30)= 0.524924
T(17,31)= 0.000000
T(18,0)= 0.000000
T(18,1)= 0.511260
T(18,2)= 1.020231
T(18,3)= 1.524378
T(18,4)= 2.020789
T(18,5)= 2.505870
T(18,6)= 2.975372
T(18,7)= 3.424098
T(18,8)= 3.846169
T(18,9)= 4.234817
T(18,10)= 4.582959
T(18,11)= 4.883158
T(18,12)= 5.128477
T(18,13)= 5.312565
T(18,14)= 5.430636
T(18,15)= 5.479452
T(18,16)= 5.458120
T(18,17)= 5.367706
T(18,18)= 5.211621
T(18,19)= 4.994810
T(18,20)= 4.723778
T(18,21)= 4.405588
T(18,22)= 4.047795
T(18,23)= 3.657551
T(18,24)= 3.241663
T(18,25)= 2.805983
T(18,26)= 2.355625
T(18,27)= 1.894646
T(18,28)= 1.426364
T(18,29)= 0.953259
T(18,30)= 0.477299
T(18,31)= 0.000000
T(19,0)= 0.000000
T(19,1)= 0.459233
T(19,2)= 0.915929
T(19,3)= 1.367414
T(19,4)= 1.810648
T(19,5)= 2.242216
T(19,6)= 2.658072
T(19,7)= 3.053707
T(19,8)= 3.423921
T(19,9)= 3.763216
T(19,10)= 4.065653
T(19,11)= 4.325480
T(19,12)= 4.537073
T(19,13)= 4.695731
T(19,14)= 4.797596
T(19,15)= 4.840427
T(19,16)= 4.823342
T(19,17)= 4.747364
T(19,18)= 4.614866
T(19,19)= 4.429836
T(19,20)= 4.197084
T(19,21)= 3.922335
T(19,22)= 3.611401
T(19,23)= 3.270268
T(19,24)= 2.904416
T(19,25)= 2.518996
T(19,26)= 2.118379
T(19,27)= 1.706414
T(19,28)= 1.286197
T(19,29)= 0.860359
T(19,30)= 0.431011
T(19,31)= 0.000000
T(20,0)= 0.000000
T(20,1)= 0.409741
T(20,2)= 0.816887
T(20,3)= 1.218703
T(20,4)= 1.612267
T(20,5)= 1.994274
T(20,6)= 2.361130
T(20,7)= 2.708737
T(20,8)= 3.032768
T(20,9)= 3.328475
T(20,10)= 3.591162
T(20,11)= 3.816034
T(20,12)= 3.998831
T(20,13)= 4.135689
T(20,14)= 4.223826
T(20,15)= 4.261319
T(20,16)= 4.247698
T(20,17)= 4.183541
T(20,18)= 4.070878
T(20,19)= 3.912583
T(20,20)= 3.712605
T(20,21)= 3.475265
T(20,22)= 3.205399
T(20,23)= 2.907702
T(20,24)= 2.586895
T(20,25)= 2.247206
T(20,26)= 1.892599
T(20,27)= 1.526434
T(20,28)= 1.151723
T(20,29)= 0.770970
T(20,30)= 0.386412
T(20,31)= 0.000000
T(21,0)= 0.000000
T(21,1)= 0.362867
T(21,2)= 0.723177
T(21,3)= 1.078311
T(21,4)= 1.425444
T(21,5)= 1.761594
T(21,6)= 2.083437
T(21,7)= 2.387493
T(21,8)= 2.669937
T(21,9)= 2.926938
T(21,10)= 3.154485
T(21,11)= 3.348872
T(21,12)= 3.506528
T(21,13)= 3.624593
T(21,14)= 3.700701
T(21,15)= 3.733554
T(21,16)= 3.722590
T(21,17)= 3.668453
T(21,18)= 3.572520
T(21,19)= 3.437228
T(21,20)= 3.265490
T(21,21)= 3.060918
T(21,22)= 2.827227
T(21,23)= 2.568416
T(21,24)= 2.288252
T(21,25)= 1.990469
T(21,26)= 1.678377
T(21,27)= 1.355091
T(21,28)= 1.023290
T(21,29)= 0.685432
T(21,30)= 0.343665
T(21,31)= 0.000000
T(22,0)= 0.000000
T(22,1)= 0.318549
T(22,2)= 0.634686
T(22,3)= 0.945920
T(22,4)= 1.249690
T(22,5)= 1.543222
T(22,6)= 1.823655
T(22,7)= 2.087862
T(22,8)= 2.332707
T(22,9)= 2.554856
T(22,10)= 2.751154
T(22,11)= 2.918441
T(22,12)= 3.054022
T(22,13)= 3.155452
T(22,14)= 3.221048
T(22,15)= 3.249606
T(22,16)= 3.240872
T(22,17)= 3.195161
T(22,18)= 3.113734
T(22,19)= 2.998321
T(22,20)= 2.851403
T(22,21)= 2.675691
T(22,22)= 2.474346
T(22,23)= 2.250483
T(22,24)= 2.007373
T(22,25)= 1.748038
T(22,26)= 1.475455
T(22,27)= 1.192265
T(22,28)= 0.900977
T(22,29)= 0.603805
T(22,30)= 0.302839
T(22,31)= 0.000000
T(23,0)= 0.000000
T(23,1)= 0.276663
T(23,2)= 0.551098
T(23,3)= 0.821055
T(23,4)= 1.084174
T(23,5)= 1.338049
T(23,6)= 1.580098
T(23,7)= 1.807727
T(23,8)= 2.018174
T(23,9)= 2.208784
T(23,10)= 2.376833
T(23,11)= 2.519899
T(23,12)= 2.635665
T(23,13)= 2.722343
T(23,14)= 2.778432
T(23,15)= 2.803154
T(23,16)= 2.796133
T(23,17)= 2.757787
T(23,18)= 2.688934
T(23,19)= 2.591107
T(23,20)= 2.466110
T(23,21)= 2.316270
T(23,22)= 2.143985
T(23,23)= 1.951943
T(23,24)= 1.742718
T(23,25)= 1.518972
T(23,26)= 1.283139
T(23,27)= 1.037616
T(23,28)= 0.784550
T(23,29)= 0.526012
T(23,30)= 0.263886
T(23,31)= 0.000000
T(24,0)= 0.000000
T(24,1)= 0.237005
T(24,2)= 0.472025
T(24,3)= 0.703028
T(24,4)= 0.927973
T(24,5)= 1.144704
T(24,6)= 1.351067
T(24,7)= 1.544775
T(24,8)= 1.723612
T(24,9)= 1.885273
T(24,10)= 2.027652
T(24,11)= 2.148659
T(24,12)= 2.246572
T(24,13)= 2.319822
T(24,14)= 2.367369
T(24,15)= 2.388444
T(24,16)= 2.382904
T(24,17)= 2.350919
T(24,18)= 2.293288
T(24,19)= 2.211064
T(24,20)= 2.105829
T(24,21)= 1.979294
T(24,22)= 1.833528
T(24,23)= 1.670586
T(24,24)= 1.492706
T(24,25)= 1.301993
T(24,26)= 1.100604
T(24,27)= 0.890508
T(24,28)= 0.673651
T(24,29)= 0.451807
T(24,30)= 0.226712
T(24,31)= 0.000000
T(25,0)= 0.000000
T(25,1)= 0.199351
T(25,2)= 0.396967
T(25,3)= 0.591111
T(25,4)= 0.779987
T(25,5)= 0.961807
T(25,6)= 1.134690
T(25,7)= 1.296802
T(25,8)= 1.446227
T(25,9)= 1.581177
T(25,10)= 1.699843
T(25,11)= 1.800663
T(25,12)= 1.882141
T(25,13)= 1.943164
T(25,14)= 1.982779
T(25,15)= 2.000515
T(25,16)= 1.996120
T(25,17)= 1.969865
T(25,18)= 1.922234
T(25,19)= 1.854191
T(25,20)= 1.766847
T(25,21)= 1.661690
T(25,22)= 1.540247
T(25,23)= 1.404288
T(25,24)= 1.255526
T(25,25)= 1.095787
T(25,26)= 0.926777
T(25,27)= 0.750229
T(25,28)= 0.567738
T(25,29)= 0.380887
T(25,30)= 0.191155
T(25,31)= 0.000000
T(26,0)= 0.000000
T(26,1)= 0.163432
T(26,2)= 0.325411
T(26,3)= 0.484461
T(26,4)= 0.639115
T(26,5)= 0.787848
T(26,6)= 0.929168
T(26,7)= 1.061517
T(26,8)= 1.183421
T(26,9)= 1.293367
T(26,10)= 1.390006
T(26,11)= 1.472008
T(26,12)= 1.538304
T(26,13)= 1.587916
T(26,14)= 1.620214
T(26,15)= 1.634716
T(26,16)= 1.631344
T(26,17)= 1.610186
T(26,18)= 1.571734
T(26,19)= 1.516617
T(26,20)= 1.445812
T(26,21)= 1.360371
T(26,22)= 1.261598
T(26,23)= 1.150795
T(26,24)= 1.029418
T(26,25)= 0.898853
T(26,26)= 0.760558
T(26,27)= 0.615892
T(26,28)= 0.466229
T(26,29)= 0.312850
T(26,30)= 0.157034
T(26,31)= 0.000000
T(27,0)= 0.000000
T(27,1)= 0.128979
T(27,2)= 0.256783
T(27,3)= 0.382245
T(27,4)= 0.504164
T(27,5)= 0.621363
T(27,6)= 0.732618
T(27,7)= 0.836758
T(27,8)= 0.932574
T(27,9)= 1.018961
T(27,10)= 1.094805
T(27,11)= 1.159169
T(27,12)= 1.211153
T(27,13)= 1.250101
T(27,14)= 1.275445
T(27,15)= 1.286915
T(27,16)= 1.284354
T(27,17)= 1.267925
T(27,18)= 1.237899
T(27,19)= 1.194847
T(27,20)= 1.139414
T(27,21)= 1.072488
T(27,22)= 0.994980
T(27,23)= 0.907966
T(27,24)= 0.812497
T(27,25)= 0.709719
T(27,26)= 0.600712
T(27,27)= 0.486600
T(27,28)= 0.368435
T(27,29)= 0.247276
T(27,30)= 0.124130
T(27,31)= 0.000000
T(28,0)= 0.000000
T(28,1)= 0.095700
T(28,2)= 0.190520
T(28,3)= 0.283570
T(28,4)= 0.373973
T(28,5)= 0.460821
T(28,6)= 0.543240
T(28,7)= 0.620324
T(28,8)= 0.691230
T(28,9)= 0.755097
T(28,10)= 0.811171
T(28,11)= 0.858711
T(28,12)= 0.897131
T(28,13)= 0.925890
T(28,14)= 0.944651
T(28,15)= 0.953145
T(28,16)= 0.951335
T(28,17)= 0.939259
T(28,18)= 0.917189
T(28,19)= 0.885457
T(28,20)= 0.844601
T(28,21)= 0.795189
T(28,22)= 0.737946
T(28,23)= 0.673593
T(28,24)= 0.602953
T(28,25)= 0.526813
T(28,26)= 0.446019
T(28,27)= 0.361363
T(28,28)= 0.273664
T(28,29)= 0.183691
T(28,30)= 0.092220
T(28,31)= 0.000000
T(29,0)= 0.000000
T(29,1)= 0.063308
T(29,2)= 0.126025
T(29,3)= 0.187567
T(29,4)= 0.247336
T(29,5)= 0.304746
T(29,6)= 0.359198
T(29,7)= 0.410119
T(29,8)= 0.456925
T(29,9)= 0.499086
T(29,10)= 0.536072
T(29,11)= 0.567442
T(29,12)= 0.592770
T(29,13)= 0.611753
T(29,14)= 0.624124
T(29,15)= 0.629757
T(29,16)= 0.628579
T(29,17)= 0.620665
T(29,18)= 0.606139
T(29,19)= 0.585266
T(29,20)= 0.558343
T(29,21)= 0.525786
T(29,22)= 0.488023
T(29,23)= 0.445563
T(29,24)= 0.398907
T(29,25)= 0.348607
T(29,26)= 0.295187
T(29,27)= 0.239201
T(29,28)= 0.181167
T(29,29)= 0.121618
T(29,30)= 0.061059
T(29,31)= 0.000000
T(30,0)= 0.000000
T(30,1)= 0.031506
T(30,2)= 0.062717
T(30,3)= 0.093338
T(30,4)= 0.123076
T(30,5)= 0.151631
T(30,6)= 0.178715
T(30,7)= 0.204029
T(30,8)= 0.227301
T(30,9)= 0.248250
T(30,10)= 0.266634
T(30,11)= 0.282214
T(30,12)= 0.294803
T(30,13)= 0.304229
T(30,14)= 0.310383
T(30,15)= 0.313182
T(30,16)= 0.312611
T(30,17)= 0.308684
T(30,18)= 0.301487
T(30,19)= 0.291123
T(30,20)= 0.277764
T(30,21)= 0.261591
T(30,22)= 0.242836
T(30,23)= 0.221730
T(30,24)= 0.198539
T(30,25)= 0.173520
T(30,26)= 0.146948
T(30,27)= 0.119085
T(30,28)= 0.090202
T(30,29)= 0.060554
T(30,30)= 0.030403
T(30,31)= 0.000000
T(31,0)= 0.000000
T(31,1)= 0.000000
T(31,2)= 0.000000
T(31,3)= 0.000000
T(31,4)= 0.000000
T(31,5)= 0.000000
T(31,6)= 0.000000
T(31,7)= 0.000000
T(31,8)= 0.000000
T(31,9)= 0.000000
T(31,10)= 0.000000
T(31,11)= 0.000000
T(31,12)= 0.000000
T(31,13)= 0.000000
T(31,14)= 0.000000
T(31,15)= 0.000000
T(31,16)= 0.000000
T(31,17)= 0.000000
T(31,18)= 0.000000
T(31,19)= 0.000000
T(31,20)= 0.000000
T(31,21)= 0.000000
T(31,22)= 0.000000
T(31,23)= 0.000000
T(31,24)= 0.000000
T(31,25)= 0.000000
T(31,26)= 0.000000
T(31,27)= 0.000000
T(31,28)= 0.000000
T(31,29)= 0.000000
T(31,30)= 0.000000
T(31,31)= 0.000000
