proc 0 contains (32) rows 0 to 31
L2 = 587.400269
L2 = 165.708466
L2 = 87.776321
L2 = 48.503651
L2 = 28.969999
L2 = 19.353193
L2 = 14.486241
L2 = 11.780979
L2 = 10.066566
L2 = 8.849834
L2 = 7.919164
L2 = 7.173772
L2 = 6.558618
L2 = 6.040050
L2 = 5.595665
L2 = 5.209733
L2 = 4.870795
L2 = 4.570274
L2 = 4.301617
L2 = 4.059741
L2 = 3.840621
L2 = 3.641022
L2 = 3.458335
L2 = 3.290407
L2 = 3.135456
L2 = 2.991981
L2 = 2.858716
L2 = 2.734579
L2 = 2.618633
L2 = 2.510076
L2 = 2.408193
L2 = 2.312374
L2 = 2.222075
L2 = 2.136814
L2 = 2.056159
L2 = 1.979739
L2 = 1.907210
L2 = 1.838271
L2 = 1.772649
L2 = 1.710100
L2 = 1.650401
L2 = 1.593361
L2 = 1.538800
L2 = 1.486551
L2 = 1.436470
L2 = 1.388419
L2 = 1.342285
L2 = 1.297960
L2 = 1.255329
L2 = 1.214310
L2 = 1.174819
L2 = 1.136777
L2 = 1.100107
L2 = 1.064741
L2 = 1.030627
L2 = 0.997702
L2 = 0.965911
L2 = 0.935216
L2 = 0.905559
L2 = 0.876896
L2 = 0.849195
L2 = 0.822415
L2 = 0.796515
L2 = 0.771466
L2 = 0.747236
L2 = 0.723792
L2 = 0.701108
L2 = 0.679155
L2 = 0.657905
L2 = 0.637337
L2 = 0.617429
L2 = 0.598152
L2 = 0.579487
L2 = 0.561415
L2 = 0.543914
L2 = 0.526965
L2 = 0.510552
L2 = 0.494653
L2 = 0.479255
L2 = 0.464340
L2 = 0.449893
L2 = 0.435899
L2 = 0.422344
L2 = 0.409212
L2 = 0.396492
L2 = 0.384167
L2 = 0.372228
L2 = 0.360664
L2 = 0.349457
L2 = 0.338602
L2 = 0.328085
L2 = 0.317889
L2 = 0.308015
L2 = 0.298451
L2 = 0.289183
L2 = 0.280204
L2 = 0.271503
L2 = 0.263071
L2 = 0.254903
L2 = 0.246991
L2 = 0.239323
L2 = 0.231896
L2 = 0.224697
L2 = 0.217720
L2 = 0.210961
L2 = 0.204414
L2 = 0.198070
L2 = 0.191919
L2 = 0.185962
L2 = 0.180187
L2 = 0.174595
L2 = 0.169174
L2 = 0.163922
L2 = 0.158834
L2 = 0.153906
L2 = 0.149128
L2 = 0.144501
L2 = 0.140015
L2 = 0.135667
L2 = 0.131457
L2 = 0.127378
L2 = 0.123424
L2 = 0.119595
L2 = 0.115881
L2 = 0.112284
L2 = 0.108799
L2 = 0.105423
L2 = 0.102150
L2 = 0.098982
L2 = 0.095908
L2 = 0.092932
L2 = 0.090046
L2 = 0.087253
L2 = 0.084546
L2 = 0.081924
L2 = 0.079381
L2 = 0.076913
L2 = 0.074527
L2 = 0.072214
L2 = 0.069972
L2 = 0.067802
L2 = 0.065698
L2 = 0.063657
L2 = 0.061682
L2 = 0.059770
L2 = 0.057915
L2 = 0.056117
L2 = 0.054374
L2 = 0.052685
L2 = 0.051050
L2 = 0.049467
L2 = 0.047932
L2 = 0.046445
L2 = 0.045003
L2 = 0.043607
L2 = 0.042250
L2 = 0.040940
L2 = 0.039668
L2 = 0.038439
L2 = 0.037246
L2 = 0.036092
L2 = 0.034971
L2 = 0.033886
L2 = 0.032835
L2 = 0.031813
L2 = 0.030825
L2 = 0.029870
L2 = 0.028942
L2 = 0.028044
L2 = 0.027176
L2 = 0.026334
L2 = 0.025511
L2 = 0.024718
L2 = 0.023951
L2 = 0.023211
L2 = 0.022490
L2 = 0.021792
L2 = 0.021117
L2 = 0.020462
L2 = 0.019826
L2 = 0.019211
L2 = 0.018614
L2 = 0.018039
L2 = 0.017477
L2 = 0.016936
L2 = 0.016410
L2 = 0.015900
L2 = 0.015407
L2 = 0.014926
L2 = 0.014462
L2 = 0.014014
L2 = 0.013577
L2 = 0.013157
L2 = 0.012751
L2 = 0.012355
L2 = 0.011970
L2 = 0.011599
L2 = 0.011239
L2 = 0.010892
L2 = 0.010555
L2 = 0.010227
L2 = 0.009906
L2 = 0.009598
L2 = 0.009303
L2 = 0.009014
L2 = 0.008734
L2 = 0.008464
L2 = 0.008204
L2 = 0.007947
L2 = 0.007701
L2 = 0.007460
L2 = 0.007228
L2 = 0.007002
L2 = 0.006787
L2 = 0.006574
L2 = 0.006372
L2 = 0.006175
L2 = 0.005984
L2 = 0.005796
L2 = 0.005618
L2 = 0.005443
L2 = 0.005271
L2 = 0.005109
L2 = 0.004950
L2 = 0.004795
L2 = 0.004647
L2 = 0.004504
L2 = 0.004367
L2 = 0.004230
L2 = 0.004100
L2 = 0.003974
L2 = 0.003848
L2 = 0.003729
L2 = 0.003615
L2 = 0.003505
L2 = 0.003393
L2 = 0.003289
L2 = 0.003185
L2 = 0.003086
L2 = 0.002991
L2 = 0.002898
L2 = 0.002807
L2 = 0.002719
L2 = 0.002636
L2 = 0.002556
L2 = 0.002476
L2 = 0.002400
L2 = 0.002326
L2 = 0.002253
L2 = 0.002183
L2 = 0.002118
L2 = 0.002049
L2 = 0.001982
L2 = 0.001921
L2 = 0.001861
L2 = 0.001809
L2 = 0.001751
L2 = 0.001698
L2 = 0.001642
L2 = 0.001590
L2 = 0.001541
L2 = 0.001495
L2 = 0.001449
L2 = 0.001406
L2 = 0.001360
L2 = 0.001318
L2 = 0.001279
L2 = 0.001239
L2 = 0.001200
L2 = 0.001163
L2 = 0.001127
L2 = 0.001092
L2 = 0.001057
L2 = 0.001024
L2 = 0.000991
Estimated time to convergence in 275 iterations using 1 processors on a 32x32 grid is 195239 microseconds
T(0,0)= 0.000000
T(0,1)= 0.000000
T(0,2)= 0.000000
T(0,3)= 0.000000
T(0,4)= 0.000000
T(0,5)= 0.000000
T(0,6)= 0.000000
T(0,7)= 0.000000
T(0,8)= 0.000000
T(0,9)= 0.000000
T(0,10)= 0.000000
T(0,11)= 0.000000
T(0,12)= 0.000000
T(0,13)= 0.000000
T(0,14)= 0.000000
T(0,15)= 550.000000
T(0,16)= 0.000000
T(0,17)= 0.000000
T(0,18)= 0.000000
T(0,19)= 0.000000
T(0,20)= 0.000000
T(0,21)= 0.000000
T(0,22)= 0.000000
T(0,23)= 0.000000
T(0,24)= 0.000000
T(0,25)= 0.000000
T(0,26)= 0.000000
T(0,27)= 0.000000
T(0,28)= 0.000000
T(0,29)= 0.000000
T(0,30)= 0.000000
T(0,31)= 0.000000
T(1,0)= 0.000000
T(1,1)= 0.201398
T(1,2)= 0.414079
T(1,3)= 0.650895
T(1,4)= 0.928237
T(1,5)= 1.269054
T(1,6)= 1.707950
T(1,7)= 2.300712
T(1,8)= 3.143337
T(1,9)= 4.413340
T(1,10)= 6.467084
T(1,11)= 10.092061
T(1,12)= 17.228249
T(1,13)= 33.245117
T(1,14)= 74.823242
T(1,15)= 199.544769
T(1,16)= 74.827744
T(1,17)= 33.254219
T(1,18)= 17.242153
T(1,19)= 10.111071
T(1,20)= 6.491632
T(1,21)= 4.444014
T(1,22)= 3.180890
T(1,23)= 2.346111
T(1,24)= 1.762430
T(1,25)= 1.334192
T(1,26)= 1.006053
T(1,27)= 0.743998
T(1,28)= 0.525867
T(1,29)= 0.336350
T(1,30)= 0.164104
T(1,31)= 0.000000
T(2,0)= 0.000000
T(2,1)= 0.391512
T(2,2)= 0.804028
T(2,3)= 1.261260
T(2,4)= 1.793005
T(2,5)= 2.440026
T(2,6)= 3.262045
T(2,7)= 4.351554
T(2,8)= 5.859310
T(2,9)= 8.042933
T(2,10)= 11.362944
T(2,11)= 16.672909
T(2,12)= 25.575836
T(2,13)= 40.928986
T(2,14)= 66.503113
T(2,15)= 98.528076
T(2,16)= 66.512032
T(2,17)= 40.946983
T(2,18)= 25.603329
T(2,19)= 16.710489
T(2,20)= 11.411465
T(2,21)= 8.103527
T(2,22)= 5.933447
T(2,23)= 4.441116
T(2,24)= 3.369427
T(2,25)= 2.568280
T(2,26)= 1.946030
T(2,27)= 1.444070
T(2,28)= 1.023126
T(2,29)= 0.655427
T(2,30)= 0.320067
T(2,31)= 0.000000
T(3,0)= 0.000000
T(3,1)= 0.560626
T(3,2)= 1.149258
T(3,3)= 1.797122
T(3,4)= 2.542490
T(3,5)= 3.436017
T(3,6)= 4.548638
T(3,7)= 5.984175
T(3,8)= 7.899403
T(3,9)= 10.536161
T(3,10)= 14.268837
T(3,11)= 19.660828
T(3,12)= 27.473190
T(3,13)= 38.391876
T(3,14)= 51.732155
T(3,15)= 61.552441
T(3,16)= 51.745277
T(3,17)= 38.418388
T(3,18)= 27.513664
T(3,19)= 19.716131
T(3,20)= 14.340197
T(3,21)= 10.625208
T(3,22)= 8.008242
T(3,23)= 6.115503
T(3,24)= 4.705872
T(3,25)= 3.623491
T(3,26)= 2.765712
T(3,27)= 2.063137
T(3,28)= 1.467136
T(3,29)= 0.942171
T(3,30)= 0.460735
T(3,31)= 0.000000
T(4,0)= 0.000000
T(4,1)= 0.701731
T(4,2)= 1.435266
T(4,3)= 2.235471
T(4,4)= 3.143837
T(4,5)= 4.212902
T(4,6)= 5.512347
T(4,7)= 7.137087
T(4,8)= 9.217999
T(4,9)= 11.933455
T(4,10)= 15.515451
T(4,11)= 20.228352
T(4,12)= 26.264275
T(4,13)= 33.433151
T(4,14)= 40.481232
T(4,15)= 44.204231
T(4,16)= 40.498283
T(4,17)= 33.467613
T(4,18)= 26.316858
T(4,19)= 20.300152
T(4,20)= 15.608025
T(4,21)= 12.048843
T(4,22)= 9.358851
T(4,23)= 7.306763
T(4,24)= 5.715097
T(4,25)= 4.454083
T(4,26)= 3.430214
T(4,27)= 2.575618
T(4,28)= 1.840128
T(4,29)= 1.185380
T(4,30)= 0.580709
T(4,31)= 0.000000
T(5,0)= 0.000000
T(5,1)= 0.811041
T(5,2)= 1.654595
T(5,3)= 2.565679
T(5,4)= 3.584472
T(5,5)= 4.759441
T(5,6)= 6.150739
T(5,7)= 7.833871
T(5,8)= 9.902029
T(5,9)= 12.464254
T(5,10)= 15.631141
T(5,11)= 19.472908
T(5,12)= 23.922382
T(5,13)= 28.595287
T(5,14)= 32.555347
T(5,15)= 34.285027
T(5,16)= 32.575993
T(5,17)= 28.636986
T(5,18)= 23.985966
T(5,19)= 19.559666
T(5,20)= 15.742874
T(5,21)= 12.603347
T(5,22)= 10.071529
T(5,23)= 8.037651
T(5,24)= 6.393652
T(5,25)= 5.047572
T(5,26)= 3.925427
T(5,27)= 2.969018
T(5,28)= 2.132365
T(5,29)= 1.378529
T(5,30)= 0.676715
T(5,31)= 0.000000
T(6,0)= 0.000000
T(6,1)= 0.887834
T(6,2)= 1.806412
T(6,3)= 2.788166
T(6,4)= 3.868961
T(6,5)= 5.089635
T(6,6)= 6.497342
T(6,7)= 8.145601
T(6,8)= 10.092051
T(6,9)= 12.390366
T(6,10)= 15.072010
T(6,11)= 18.109711
T(6,12)= 21.357136
T(6,13)= 24.470221
T(6,14)= 26.859926
T(6,15)= 27.804512
T(6,16)= 26.883751
T(6,17)= 24.518322
T(6,18)= 21.430431
T(6,19)= 18.209631
T(6,20)= 15.200537
T(6,21)= 12.550102
T(6,22)= 10.286333
T(6,23)= 8.378626
T(6,24)= 6.774342
T(6,25)= 5.417101
T(6,26)= 4.254943
T(6,27)= 3.242646
T(6,28)= 2.341812
T(6,29)= 1.519645
T(6,30)= 0.747630
T(6,31)= 0.000000
T(7,0)= 0.000000
T(7,1)= 0.933893
T(7,2)= 1.895042
T(7,3)= 2.911640
T(7,4)= 4.013553
T(7,5)= 5.232842
T(7,6)= 6.603366
T(7,7)= 8.159208
T(7,8)= 9.930172
T(7,9)= 11.933228
T(7,10)= 14.156781
T(7,11)= 16.536880
T(7,12)= 18.926178
T(7,13)= 21.068638
T(7,14)= 22.609577
T(7,15)= 23.189445
T(7,16)= 22.636122
T(7,17)= 21.122219
T(7,18)= 19.007761
T(7,19)= 16.647980
T(7,20)= 14.299487
T(7,21)= 12.110275
T(7,22)= 10.145041
T(7,23)= 8.416250
T(7,24)= 6.907958
T(7,25)= 5.591600
T(7,26)= 4.434575
T(7,27)= 3.404850
T(7,28)= 2.472577
T(7,29)= 1.610629
T(7,30)= 0.794156
T(7,31)= 0.000000
T(8,0)= 0.000000
T(8,1)= 0.952689
T(8,2)= 1.928245
T(8,3)= 2.949784
T(8,4)= 4.040812
T(8,5)= 5.224789
T(8,6)= 6.524136
T(8,7)= 7.957656
T(8,8)= 9.536282
T(8,9)= 11.255548
T(8,10)= 13.085098
T(8,11)= 14.954803
T(8,12)= 16.742149
T(8,13)= 18.268526
T(8,14)= 19.320404
T(8,15)= 19.707516
T(8,16)= 19.349197
T(8,17)= 18.326611
T(8,18)= 16.830521
T(8,19)= 15.075000
T(8,20)= 13.239252
T(8,21)= 11.446426
T(8,22)= 9.767390
T(8,23)= 8.233335
T(8,24)= 6.849713
T(8,25)= 5.606735
T(8,26)= 4.486963
T(8,27)= 3.469579
T(8,28)= 2.533049
T(8,29)= 1.656128
T(8,30)= 0.818375
T(8,31)= 0.000000
T(9,0)= 0.000000
T(9,1)= 0.948631
T(9,2)= 1.915452
T(9,3)= 2.918477
T(9,4)= 3.975100
T(9,5)= 5.101423
T(9,6)= 6.310696
T(9,7)= 7.611078
T(9,8)= 9.001708
T(9,9)= 10.467686
T(9,10)= 11.973211
T(9,11)= 13.455193
T(9,12)= 14.819040
T(9,13)= 15.943046
T(9,14)= 16.695925
T(9,15)= 16.971146
T(9,16)= 16.726471
T(9,17)= 16.004627
T(9,18)= 14.912650
T(9,19)= 13.582363
T(9,20)= 12.136036
T(9,21)= 10.668892
T(9,22)= 9.244708
T(9,23)= 7.900077
T(9,24)= 6.650785
T(9,25)= 5.498734
T(9,26)= 4.436933
T(9,27)= 3.453504
T(9,28)= 2.533894
T(9,29)= 1.662483
T(9,30)= 0.823210
T(9,31)= 0.000000
T(10,0)= 0.000000
T(10,1)= 0.926375
T(10,2)= 1.866483
T(10,3)= 2.833552
T(10,4)= 3.839738
T(10,5)= 4.895077
T(10,6)= 6.006223
T(10,7)= 7.174207
T(10,8)= 8.391882
T(10,9)= 9.640219
T(10,10)= 10.884979
T(10,11)= 12.073652
T(10,12)= 13.135897
T(10,13)= 13.988625
T(10,14)= 14.549239
T(10,15)= 14.754604
T(10,16)= 14.581043
T(10,17)= 14.052708
T(10,18)= 13.233226
T(10,19)= 12.205700
T(10,20)= 11.053764
T(10,21)= 9.848337
T(10,22)= 8.642578
T(10,23)= 7.471428
T(10,24)= 6.354709
T(10,25)= 5.300444
T(10,26)= 4.308593
T(10,27)= 3.373583
T(10,28)= 2.486580
T(10,29)= 1.636688
T(10,30)= 0.811995
T(10,31)= 0.000000
T(11,0)= 0.000000
T(11,1)= 0.890400
T(11,2)= 1.790538
T(11,3)= 2.709553
T(11,4)= 3.655193
T(11,5)= 4.632994
T(11,6)= 5.644871
T(11,7)= 6.687741
T(11,8)= 7.751339
T(11,9)= 8.816445
T(11,10)= 9.852776
T(11,11)= 10.818666
T(11,12)= 11.662201
T(11,13)= 12.326459
T(11,14)= 12.757730
T(11,15)= 12.917138
T(11,16)= 12.790317
T(11,17)= 12.392082
T(11,18)= 11.761773
T(11,19)= 10.953579
T(11,20)= 10.024917
T(11,21)= 9.028242
T(11,22)= 8.005783
T(11,23)= 6.988451
T(11,24)= 5.996130
T(11,25)= 5.039821
T(11,26)= 4.123377
T(11,27)= 3.245714
T(11,28)= 2.402132
T(11,29)= 1.585723
T(11,30)= 0.788073
T(11,31)= 0.000000
T(12,0)= 0.000000
T(12,1)= 0.844681
T(12,2)= 1.695746
T(12,3)= 2.558906
T(12,4)= 3.438553
T(12,5)= 4.336794
T(12,6)= 5.252614
T(12,7)= 6.180493
T(12,8)= 7.109406
T(12,9)= 8.021383
T(12,10)= 8.891140
T(12,11)= 9.685966
T(12,12)= 10.367928
T(12,13)= 10.897206
T(12,14)= 11.238235
T(12,15)= 11.365826
T(12,16)= 11.271151
T(12,17)= 10.963454
T(12,18)= 10.468356
T(12,19)= 9.821854
T(12,20)= 9.064219
T(12,21)= 8.233860
T(12,22)= 7.363988
T(12,23)= 6.480405
T(12,24)= 5.601642
T(12,25)= 4.739288
T(12,26)= 3.899456
T(12,27)= 3.083732
T(12,28)= 2.290557
T(12,29)= 1.515982
T(12,30)= 0.754592
T(12,31)= 0.000000
T(13,0)= 0.000000
T(13,1)= 0.792592
T(13,2)= 1.588843
T(13,3)= 2.391821
T(13,4)= 3.203285
T(13,5)= 4.023093
T(13,6)= 4.848252
T(13,7)= 5.672317
T(13,8)= 6.484350
T(13,9)= 7.268670
T(13,10)= 8.004362
T(13,11)= 8.666279
T(13,12)= 9.226262
T(13,13)= 9.656359
T(13,14)= 9.932098
T(13,15)= 10.036939
T(13,16)= 9.964923
T(13,17)= 9.722391
T(13,18)= 9.326263
T(13,19)= 8.801411
T(13,20)= 8.176171
T(13,21)= 7.479127
T(13,22)= 6.735840
T(13,23)= 5.967657
T(13,24)= 5.190693
T(13,25)= 4.416323
T(13,26)= 3.651388
T(13,27)= 2.899263
T(13,28)= 2.160361
T(13,29)= 1.433088
T(13,30)= 0.714304
T(13,31)= 0.000000
T(14,0)= 0.000000
T(14,1)= 0.736838
T(14,2)= 1.475245
T(14,3)= 2.216225
T(14,4)= 2.959739
T(14,5)= 3.704002
T(14,6)= 4.445080
T(14,7)= 5.176112
T(14,8)= 5.887130
T(14,9)= 6.564515
T(14,10)= 7.191499
T(14,11)= 7.748449
T(14,12)= 8.214637
T(14,13)= 8.569790
T(14,14)= 8.797024
T(14,15)= 8.884817
T(14,16)= 8.829381
T(14,17)= 8.634842
T(14,18)= 8.313063
T(14,19)= 7.881269
T(14,20)= 7.360081
T(14,21)= 6.770570
T(14,22)= 6.132718
T(14,23)= 5.463630
T(14,24)= 4.777260
T(14,25)= 4.083871
T(14,26)= 3.390593
T(14,27)= 2.701538
T(14,28)= 2.018585
T(14,29)= 1.341687
T(14,30)= 0.669555
T(14,31)= 0.000000
T(15,0)= 0.000000
T(15,1)= 0.679530
T(15,2)= 1.359056
T(15,3)= 2.038146
T(15,4)= 2.715408
T(15,5)= 3.388177
T(15,6)= 4.051906
T(15,7)= 4.700035
T(15,8)= 5.323481
T(15,9)= 5.910898
T(15,10)= 6.448596
T(15,11)= 6.921535
T(15,12)= 7.313966
T(15,13)= 7.611306
T(15,14)= 7.801305
T(15,15)= 7.876099
T(15,16)= 7.832853
T(15,17)= 7.674701
T(15,18)= 7.409794
T(15,19)= 7.050682
T(15,20)= 6.612235
T(15,21)= 6.110494
T(15,22)= 5.560763
T(15,23)= 4.977007
T(15,24)= 4.370791
T(15,25)= 3.751405
T(15,26)= 3.125531
T(15,27)= 2.497777
T(15,28)= 1.870728
T(15,29)= 1.245554
T(15,30)= 0.622218
T(15,31)= 0.000000
T(16,0)= 0.000000
T(16,1)= 0.622218
T(16,2)= 1.243338
T(16,3)= 1.861867
T(16,4)= 2.475640
T(16,5)= 3.081351
T(16,6)= 3.674428
T(16,7)= 4.248586
T(16,8)= 4.795979
T(16,9)= 5.306937
T(16,10)= 5.770598
T(16,11)= 6.175050
T(16,12)= 6.508548
T(16,13)= 6.760082
T(16,14)= 6.920961
T(16,15)= 6.985331
T(16,16)= 6.951407
T(16,17)= 6.821226
T(16,18)= 6.600894
T(16,19)= 6.299347
T(16,20)= 5.927838
T(16,21)= 5.498335
T(16,22)= 5.022968
T(16,23)= 4.512781
T(16,24)= 3.977603
T(16,25)= 3.425377
T(16,26)= 2.862434
T(16,27)= 2.293278
T(16,28)= 1.721049
T(16,29)= 1.147563
T(16,30)= 0.573784
T(16,31)= 0.000000
T(17,0)= 0.000000
T(17,1)= 0.566023
T(17,2)= 1.130193
T(17,3)= 1.690396
T(17,4)= 2.243901
T(17,5)= 2.787240
T(17,6)= 3.315821
T(17,7)= 3.824015
T(17,8)= 4.304849
T(17,9)= 4.750406
T(17,10)= 5.151737
T(17,11)= 5.499670
T(17,12)= 5.785008
T(17,13)= 5.999680
T(17,14)= 6.137040
T(17,15)= 6.193027
T(17,16)= 6.166131
T(17,17)= 6.058074
T(17,18)= 5.873124
T(17,19)= 5.618135
T(17,20)= 5.301359
T(17,21)= 4.932184
T(17,22)= 4.519926
T(17,23)= 4.073670
T(17,24)= 3.601410
T(17,25)= 3.110163
T(17,26)= 2.605508
T(17,27)= 2.091918
T(17,28)= 1.572600
T(17,29)= 1.049901
T(17,30)= 0.525344
T(17,31)= 0.000000
T(18,0)= 0.000000
T(18,1)= 0.511672
T(18,2)= 1.021050
T(18,3)= 1.525597
T(18,4)= 2.022395
T(18,5)= 2.507845
T(18,6)= 2.977697
T(18,7)= 3.426750
T(18,8)= 3.849119
T(18,9)= 4.238036
T(18,10)= 4.586414
T(18,11)= 4.886812
T(18,12)= 5.132295
T(18,13)= 5.316505
T(18,14)= 5.434661
T(18,15)= 5.483518
T(18,16)= 5.462187
T(18,17)= 5.371731
T(18,18)= 5.215561
T(18,19)= 4.998626
T(18,20)= 4.727432
T(18,21)= 4.409042
T(18,22)= 4.051014
T(18,23)= 3.660501
T(18,24)= 3.244315
T(18,25)= 2.808308
T(18,26)= 2.357600
T(18,27)= 1.896251
T(18,28)= 1.427583
T(18,29)= 0.954078
T(18,30)= 0.477710
T(18,31)= 0.000000
T(19,0)= 0.000000
T(19,1)= 0.459631
T(19,2)= 0.916723
T(19,3)= 1.368595
T(19,4)= 1.812203
T(19,5)= 2.244129
T(19,6)= 2.660324
T(19,7)= 3.056276
T(19,8)= 3.426779
T(19,9)= 3.766335
T(19,10)= 4.069000
T(19,11)= 4.329021
T(19,12)= 4.540771
T(19,13)= 4.699549
T(19,14)= 4.801493
T(19,15)= 4.844366
T(19,16)= 4.827281
T(19,17)= 4.751262
T(19,18)= 4.618683
T(19,19)= 4.433533
T(19,20)= 4.200624
T(19,21)= 3.925681
T(19,22)= 3.614519
T(19,23)= 3.273125
T(19,24)= 2.906984
T(19,25)= 2.521248
T(19,26)= 2.120293
T(19,27)= 1.707969
T(19,28)= 1.287378
T(19,29)= 0.861153
T(19,30)= 0.431410
T(19,31)= 0.000000
T(20,0)= 0.000000
T(20,1)= 0.410123
T(20,2)= 0.817647
T(20,3)= 1.219833
T(20,4)= 1.613756
T(20,5)= 1.996106
T(20,6)= 2.363287
T(20,7)= 2.711196
T(20,8)= 3.035504
T(20,9)= 3.331461
T(20,10)= 3.594367
T(20,11)= 3.819425
T(20,12)= 4.002373
T(20,13)= 4.139344
T(20,14)= 4.227559
T(20,15)= 4.265089
T(20,16)= 4.251469
T(20,17)= 4.187272
T(20,18)= 4.074533
T(20,19)= 3.916122
T(20,20)= 3.715994
T(20,21)= 3.478468
T(20,22)= 3.208384
T(20,23)= 2.910438
T(20,24)= 2.589353
T(20,25)= 2.249363
T(20,26)= 1.894431
T(20,27)= 1.527923
T(20,28)= 1.152853
T(20,29)= 0.771730
T(20,30)= 0.386794
T(20,31)= 0.000000
T(21,0)= 0.000000
T(21,1)= 0.363228
T(21,2)= 0.723895
T(21,3)= 1.079379
T(21,4)= 1.426852
T(21,5)= 1.763326
T(21,6)= 2.085475
T(21,7)= 2.389818
T(21,8)= 2.672524
T(21,9)= 2.929761
T(21,10)= 3.157514
T(21,11)= 3.352077
T(21,12)= 3.509876
T(21,13)= 3.628048
T(21,14)= 3.704229
T(21,15)= 3.737119
T(21,16)= 3.726155
T(21,17)= 3.671981
T(21,18)= 3.575975
T(21,19)= 3.440575
T(21,20)= 3.268693
T(21,21)= 3.063946
T(21,22)= 2.830048
T(21,23)= 2.571002
T(21,24)= 2.290576
T(21,25)= 1.992507
T(21,26)= 1.680109
T(21,27)= 1.356499
T(21,28)= 1.024358
T(21,29)= 0.686151
T(21,30)= 0.344026
T(21,31)= 0.000000
T(22,0)= 0.000000
T(22,1)= 0.318885
T(22,2)= 0.635355
T(22,3)= 0.946916
T(22,4)= 1.251002
T(22,5)= 1.544836
T(22,6)= 1.825555
T(22,7)= 2.090029
T(22,8)= 2.335118
T(22,9)= 2.557486
T(22,10)= 2.753976
T(22,11)= 2.921427
T(22,12)= 3.057141
T(22,13)= 3.158672
T(22,14)= 3.224335
T(22,15)= 3.252928
T(22,16)= 3.244195
T(22,17)= 3.198449
T(22,18)= 3.116954
T(22,19)= 3.001439
T(22,20)= 2.854389
T(22,21)= 2.678513
T(22,22)= 2.476976
T(22,23)= 2.252892
T(22,24)= 2.009539
T(22,25)= 1.749938
T(22,26)= 1.477068
T(22,27)= 1.193576
T(22,28)= 0.901973
T(22,29)= 0.604474
T(22,30)= 0.303176
T(22,31)= 0.000000
T(23,0)= 0.000000
T(23,1)= 0.276971
T(23,2)= 0.551711
T(23,3)= 0.821967
T(23,4)= 1.085376
T(23,5)= 1.339529
T(23,6)= 1.581839
T(23,7)= 1.809713
T(23,8)= 2.020383
T(23,9)= 2.211195
T(23,10)= 2.379420
T(23,11)= 2.522636
T(23,12)= 2.638523
T(23,13)= 2.725294
T(23,14)= 2.781445
T(23,15)= 2.806198
T(23,16)= 2.799177
T(23,17)= 2.760800
T(23,18)= 2.691885
T(23,19)= 2.593966
T(23,20)= 2.468847
T(23,21)= 2.318857
T(23,22)= 2.146395
T(23,23)= 1.954152
T(23,24)= 1.744703
T(23,25)= 1.520713
T(23,26)= 1.284618
T(23,27)= 1.038818
T(23,28)= 0.785462
T(23,29)= 0.526626
T(23,30)= 0.264194
T(23,31)= 0.000000
T(24,0)= 0.000000
T(24,1)= 0.237283
T(24,2)= 0.472576
T(24,3)= 0.703848
T(24,4)= 0.929053
T(24,5)= 1.146033
T(24,6)= 1.352632
T(24,7)= 1.546559
T(24,8)= 1.725598
T(24,9)= 1.887440
T(24,10)= 2.029977
T(24,11)= 2.151118
T(24,12)= 2.249141
T(24,13)= 2.322473
T(24,14)= 2.370077
T(24,15)= 2.391179
T(24,16)= 2.385640
T(24,17)= 2.353627
T(24,18)= 2.295940
T(24,19)= 2.213633
T(24,20)= 2.108288
T(24,21)= 1.981618
T(24,22)= 1.835694
T(24,23)= 1.672571
T(24,24)= 1.494490
T(24,25)= 1.303558
T(24,26)= 1.101934
T(24,27)= 0.891589
T(24,28)= 0.674471
T(24,29)= 0.452359
T(24,30)= 0.226989
T(24,31)= 0.000000
T(25,0)= 0.000000
T(25,1)= 0.199594
T(25,2)= 0.397451
T(25,3)= 0.591830
T(25,4)= 0.780934
T(25,5)= 0.962973
T(25,6)= 1.136063
T(25,7)= 1.298367
T(25,8)= 1.447968
T(25,9)= 1.583077
T(25,10)= 1.701882
T(25,11)= 1.802820
T(25,12)= 1.884394
T(25,13)= 1.945490
T(25,14)= 1.985154
T(25,15)= 2.002914
T(25,16)= 1.998519
T(25,17)= 1.972240
T(25,18)= 1.924559
T(25,19)= 1.856443
T(25,20)= 1.769004
T(25,21)= 1.663728
T(25,22)= 1.542147
T(25,23)= 1.406030
T(25,24)= 1.257091
T(25,25)= 1.097160
T(25,26)= 0.927943
T(25,27)= 0.751176
T(25,28)= 0.568457
T(25,29)= 0.381371
T(25,30)= 0.191398
T(25,31)= 0.000000
T(26,0)= 0.000000
T(26,1)= 0.163638
T(26,2)= 0.325822
T(26,3)= 0.485072
T(26,4)= 0.639920
T(26,5)= 0.788839
T(26,6)= 0.930335
T(26,7)= 1.062847
T(26,8)= 1.184901
T(26,9)= 1.294980
T(26,10)= 1.391738
T(26,11)= 1.473840
T(26,12)= 1.540218
T(26,13)= 1.589891
T(26,14)= 1.622231
T(26,15)= 1.636754
T(26,16)= 1.633382
T(26,17)= 1.612203
T(26,18)= 1.573709
T(26,19)= 1.518530
T(26,20)= 1.447644
T(26,21)= 1.362103
T(26,22)= 1.263212
T(26,23)= 1.152274
T(26,24)= 1.030747
T(26,25)= 0.900019
T(26,26)= 0.761549
T(26,27)= 0.616696
T(26,28)= 0.466840
T(26,29)= 0.313261
T(26,30)= 0.157240
T(26,31)= 0.000000
T(27,0)= 0.000000
T(27,1)= 0.129147
T(27,2)= 0.257117
T(27,3)= 0.382741
T(27,4)= 0.504818
T(27,5)= 0.622168
T(27,6)= 0.733565
T(27,7)= 0.837839
T(27,8)= 0.933776
T(27,9)= 1.020272
T(27,10)= 1.096213
T(27,11)= 1.160658
T(27,12)= 1.212708
T(27,13)= 1.251706
T(27,14)= 1.277084
T(27,15)= 1.288571
T(27,16)= 1.286010
T(27,17)= 1.269564
T(27,18)= 1.239504
T(27,19)= 1.196402
T(27,20)= 1.140903
T(27,21)= 1.073896
T(27,22)= 0.996291
T(27,23)= 0.909168
T(27,24)= 0.813578
T(27,25)= 0.710666
T(27,26)= 0.601517
T(27,27)= 0.487254
T(27,28)= 0.368931
T(27,29)= 0.247610
T(27,30)= 0.124298
T(27,31)= 0.000000
T(28,0)= 0.000000
T(28,1)= 0.095827
T(28,2)= 0.190773
T(28,3)= 0.283947
T(28,4)= 0.374469
T(28,5)= 0.461432
T(28,6)= 0.543960
T(28,7)= 0.621144
T(28,8)= 0.692143
T(28,9)= 0.756092
T(28,10)= 0.812240
T(28,11)= 0.859841
T(28,12)= 0.898312
T(28,13)= 0.927109
T(28,14)= 0.945895
T(28,15)= 0.954403
T(28,16)= 0.952592
T(28,17)= 0.940503
T(28,18)= 0.918407
T(28,19)= 0.886638
T(28,20)= 0.845731
T(28,21)= 0.796257
T(28,22)= 0.738942
T(28,23)= 0.674506
T(28,24)= 0.603773
T(28,25)= 0.527532
T(28,26)= 0.446630
T(28,27)= 0.361860
T(28,28)= 0.274041
T(28,29)= 0.183944
T(28,30)= 0.092347
T(28,31)= 0.000000
T(29,0)= 0.000000
T(29,1)= 0.063393
T(29,2)= 0.126196
T(29,3)= 0.187821
T(29,4)= 0.247669
T(29,5)= 0.305157
T(29,6)= 0.359681
T(29,7)= 0.410670
T(29,8)= 0.457538
T(29,9)= 0.499755
T(29,10)= 0.536791
T(29,11)= 0.568202
T(29,12)= 0.593564
T(29,13)= 0.612573
T(29,14)= 0.624960
T(29,15)= 0.630603
T(29,16)= 0.629424
T(29,17)= 0.621502
T(29,18)= 0.606959
T(29,19)= 0.586059
T(29,20)= 0.559103
T(29,21)= 0.526505
T(29,22)= 0.488692
T(29,23)= 0.446177
T(29,24)= 0.399458
T(29,25)= 0.349091
T(29,26)= 0.295598
T(29,27)= 0.239535
T(29,28)= 0.181421
T(29,29)= 0.121788
T(29,30)= 0.061145
T(29,31)= 0.000000
T(30,0)= 0.000000
T(30,1)= 0.031549
T(30,2)= 0.062803
T(30,3)= 0.093466
T(30,4)= 0.123244
T(30,5)= 0.151838
T(30,6)= 0.178958
T(30,7)= 0.204307
T(30,8)= 0.227609
T(30,9)= 0.248587
T(30,10)= 0.266995
T(30,11)= 0.282596
T(30,12)= 0.295202
T(30,13)= 0.304641
T(30,14)= 0.310804
T(30,15)= 0.313606
T(30,16)= 0.313036
T(30,17)= 0.309105
T(30,18)= 0.301898
T(30,19)= 0.291522
T(30,20)= 0.278146
T(30,21)= 0.261952
T(30,22)= 0.243172
T(30,23)= 0.222038
T(30,24)= 0.198816
T(30,25)= 0.173763
T(30,26)= 0.147155
T(30,27)= 0.119253
T(30,28)= 0.090329
T(30,29)= 0.060640
T(30,30)= 0.030446
T(30,31)= 0.000000
T(31,0)= 0.000000
T(31,1)= 0.000000
T(31,2)= 0.000000
T(31,3)= 0.000000
T(31,4)= 0.000000
T(31,5)= 0.000000
T(31,6)= 0.000000
T(31,7)= 0.000000
T(31,8)= 0.000000
T(31,9)= 0.000000
T(31,10)= 0.000000
T(31,11)= 0.000000
T(31,12)= 0.000000
T(31,13)= 0.000000
T(31,14)= 0.000000
T(31,15)= 0.000000
T(31,16)= 0.000000
T(31,17)= 0.000000
T(31,18)= 0.000000
T(31,19)= 0.000000
T(31,20)= 0.000000
T(31,21)= 0.000000
T(31,22)= 0.000000
T(31,23)= 0.000000
T(31,24)= 0.000000
T(31,25)= 0.000000
T(31,26)= 0.000000
T(31,27)= 0.000000
T(31,28)= 0.000000
T(31,29)= 0.000000
T(31,30)= 0.000000
T(31,31)= 0.000000
